{
  "stats": {
    "suites": 0,
    "tests": 8,
    "passes": 8,
    "pending": 0,
    "failures": 0,
    "start": "2022-09-21T10:49:15.839Z",
    "end": "2022-09-21T10:50:06.863Z",
    "duration": 51024,
    "testsRegistered": 8,
    "passPercent": 100,
    "pendingPercent": 0,
    "other": 0,
    "hasOther": false,
    "skipped": 0,
    "hasSkipped": false
  },
  "results": [
    {
      "uuid": "9a9098c0-cebc-4442-ab0c-0f18d1d2f3fb",
      "title": "",
      "fullFile": "cypress/integration/Mimir.js",
      "file": "cypress/integration/Mimir.js",
      "beforeHooks": [],
      "afterHooks": [],
      "tests": [
        {
          "title": "Clicking Documentation",
          "fullTitle": "Clicking Documentation",
          "timedOut": null,
          "duration": 12865,
          "state": "passed",
          "speed": "slow",
          "pass": true,
          "fail": false,
          "pending": false,
          "context": null,
          "code": "cy.visit('http://mimir.usersys.redhat.com/');\ncy.get('[href=\"/products\"] > pfe-card').click();\ncy.get('bdo > h1').should('have.text', 'All Red Hat products and documentation');",
          "err": {},
          "uuid": "87586992-c2f2-4d8f-a4f1-6177bbc26636",
          "parentUUID": "9a9098c0-cebc-4442-ab0c-0f18d1d2f3fb",
          "isHook": false,
          "skipped": false
        },
        {
          "title": "Clicking Documentation in Footer",
          "fullTitle": "Clicking Documentation in Footer",
          "timedOut": null,
          "duration": 3503,
          "state": "passed",
          "speed": "fast",
          "pass": true,
          "fail": false,
          "pending": false,
          "context": null,
          "code": "cy.visit('http://mimir.usersys.redhat.com/');\ncy.get('li >[href=\"/products\"]').click();\ncy.get('bdo > h1').should('have.text', 'All Red Hat products and documentation');",
          "err": {},
          "uuid": "8773b930-0647-428f-82be-9d0a44665efd",
          "parentUUID": "9a9098c0-cebc-4442-ab0c-0f18d1d2f3fb",
          "isHook": false,
          "skipped": false
        },
        {
          "title": "Clicking Solutions",
          "fullTitle": "Clicking Solutions",
          "timedOut": null,
          "duration": 12186,
          "state": "passed",
          "speed": "slow",
          "pass": true,
          "fail": false,
          "pending": false,
          "context": null,
          "code": "cy.visit('http://mimir.usersys.redhat.com/');\ncy.get('[href=\"/search/?q=*&p=1&rows=10&documentKind=solution\"] > pfe-card').click();\ncy.get('[data-text=\"Solution\"]').should('have.text', 'Solution');",
          "err": {},
          "uuid": "93c32c0c-23b6-43b2-9c3a-0f3e0f3a6cb8",
          "parentUUID": "9a9098c0-cebc-4442-ab0c-0f18d1d2f3fb",
          "isHook": false,
          "skipped": false
        },
        {
          "title": "Clicking Solutions in Footer",
          "fullTitle": "Clicking Solutions in Footer",
          "timedOut": null,
          "duration": 4125,
          "state": "passed",
          "speed": "fast",
          "pass": true,
          "fail": false,
          "pending": false,
          "context": null,
          "code": "cy.visit('http://mimir.usersys.redhat.com/');\ncy.get('li > [href=\"/search/?q=*&p=1&rows=10&documentKind=solution\"]').click();\ncy.get('[data-text=\"Solution\"]').should('have.text', 'Solution');",
          "err": {},
          "uuid": "20842eb4-0dc0-400c-9957-76d6bdfd1b9a",
          "parentUUID": "9a9098c0-cebc-4442-ab0c-0f18d1d2f3fb",
          "isHook": false,
          "skipped": false
        },
        {
          "title": "Clicking Articles",
          "fullTitle": "Clicking Articles",
          "timedOut": null,
          "duration": 3442,
          "state": "passed",
          "speed": "fast",
          "pass": true,
          "fail": false,
          "pending": false,
          "context": null,
          "code": "cy.visit('http://mimir.usersys.redhat.com/');\ncy.get('[href=\"/search/?q=*&p=1&rows=10&documentKind=article\"] > pfe-card').click();\ncy.get('[data-text=\"Article\"]').should('have.text', 'Article');",
          "err": {},
          "uuid": "33359a3d-2cab-488d-ad01-f5793d181f64",
          "parentUUID": "9a9098c0-cebc-4442-ab0c-0f18d1d2f3fb",
          "isHook": false,
          "skipped": false
        },
        {
          "title": "Clicking Articles in Footer",
          "fullTitle": "Clicking Articles in Footer",
          "timedOut": null,
          "duration": 3163,
          "state": "passed",
          "speed": "fast",
          "pass": true,
          "fail": false,
          "pending": false,
          "context": null,
          "code": "cy.visit('http://mimir.usersys.redhat.com/');\ncy.get('li > [href=\"/search/?q=*&p=1&rows=10&documentKind=article\"]').click();\ncy.get('[data-text=\"Article\"]').should('have.text', 'Article');",
          "err": {},
          "uuid": "b0fe11d7-3d36-443b-9463-213f5f77225f",
          "parentUUID": "9a9098c0-cebc-4442-ab0c-0f18d1d2f3fb",
          "isHook": false,
          "skipped": false
        },
        {
          "title": "Clicking Customer Portal Terms of Use in Footer",
          "fullTitle": "Clicking Customer Portal Terms of Use in Footer",
          "timedOut": null,
          "duration": 3579,
          "state": "passed",
          "speed": "fast",
          "pass": true,
          "fail": false,
          "pending": false,
          "context": null,
          "code": "cy.visit('http://mimir.usersys.redhat.com/');\ncy.get('[class=\"terms-of-use\"]').click();\ncy.get('bdo > :nth-child(3)').should('have.text', 'Red Hat Terms of Use');",
          "err": {},
          "uuid": "cf85f008-ff84-442c-8cf3-f13d70ec1f6a",
          "parentUUID": "9a9098c0-cebc-4442-ab0c-0f18d1d2f3fb",
          "isHook": false,
          "skipped": false
        },
        {
          "title": "Clicking Red Hat Customer Portal in Header",
          "fullTitle": "Clicking Red Hat Customer Portal in Header",
          "timedOut": null,
          "duration": 5363,
          "state": "passed",
          "speed": "medium",
          "pass": true,
          "fail": false,
          "pending": false,
          "context": null,
          "code": "cy.visit('http://mimir.usersys.redhat.com/');\ncy.get('[class=\"terms-of-use\"]').click();\ncy.get('[class=\"pfe-navigation__logo-image\"]').click({\n  force: true\n});\ncy.get('bdo >h1').should('have.text', 'Welcome to Project Mimir');",
          "err": {},
          "uuid": "2b643aef-3d59-40a0-923e-e6e68d8b8a18",
          "parentUUID": "9a9098c0-cebc-4442-ab0c-0f18d1d2f3fb",
          "isHook": false,
          "skipped": false
        }
      ],
      "suites": [],
      "passes": [
        "87586992-c2f2-4d8f-a4f1-6177bbc26636",
        "8773b930-0647-428f-82be-9d0a44665efd",
        "93c32c0c-23b6-43b2-9c3a-0f3e0f3a6cb8",
        "20842eb4-0dc0-400c-9957-76d6bdfd1b9a",
        "33359a3d-2cab-488d-ad01-f5793d181f64",
        "b0fe11d7-3d36-443b-9463-213f5f77225f",
        "cf85f008-ff84-442c-8cf3-f13d70ec1f6a",
        "2b643aef-3d59-40a0-923e-e6e68d8b8a18"
      ],
      "failures": [],
      "pending": [],
      "skipped": [],
      "duration": 48226,
      "root": true,
      "rootEmpty": false,
      "_timeout": 2000
    }
  ],
  "meta": {
    "mocha": {
      "version": "7.0.1"
    },
    "mochawesome": {
      "options": {
        "quiet": false,
        "reportFilename": "mochawesome",
        "saveHtml": false,
        "saveJson": true,
        "consoleReporter": "spec",
        "useInlineDiffs": false,
        "code": true
      },
      "version": "7.1.3"
    },
    "marge": {
      "options": {
        "charts": true,
        "overwrite": false,
        "html": false,
        "json": true,
        "reportDir": "cypress/reports"
      },
      "version": "6.2.0"
    }
  }
}